


ARM Macro Assembler    Page 1 


    1 00000000         ;/*-----------------------------------------------------
                       ----------------------------------------------------*/
    2 00000000         ;/* Holtek Semiconductor Inc.                           
                                                                           */
    3 00000000         ;/*                                                     
                                                                           */
    4 00000000         ;/* Copyright (C) Holtek Semiconductor Inc.             
                                                                           */
    5 00000000         ;/* All rights reserved.                                
                                                                           */
    6 00000000         ;/*                                                     
                                                                           */
    7 00000000         ;/*-----------------------------------------------------
                       ------------------------------------------------------
    8 00000000         ;  File Name        : startup_ht32f5xxxx_01.s
    9 00000000         ;  Version          : $Rev:: 1704         $
   10 00000000         ;  Date             : $Date:: 2017-08-17 #$
   11 00000000         ;  Description      : Startup code.
   12 00000000         ;-------------------------------------------------------
                       ----------------------------------------------------*/
   13 00000000         
   14 00000000         ;  Supported Device
   15 00000000         ;  ========================================
   16 00000000         ;   HT32F52220, HT32F52230
   17 00000000         ;   HT32F52231, HT32F52241
   18 00000000         ;   HT32F52331, HT32F52341
   19 00000000         ;   HT32F52342, HT32F52352
   20 00000000         ;   HT32F52243, HT32F52253
   21 00000000         
   22 00000000         ;/* <<< Use Configuration Wizard in Context Menu >>>    
                                                                           */
   23 00000000         
   24 00000000         ;// <o>  HT32 Device
   25 00000000         ;//      <0=> By Project Asm Define
   26 00000000         ;//      <1=> HT32F52220/30
   27 00000000         ;//      <2=> HT32F52231/41
   28 00000000         ;//      <3=> HT32F52331/41
   29 00000000         ;//      <4=> HT32F52342/52
   30 00000000         ;//      <5=> HT32F52243/53
   31 00000000 00000002 
                       USE_HT32_CHIP_SET
                               EQU              2
   32 00000000         
   33 00000000 FFFFFFFF 
                       _HT32FWID
                               EQU              0xFFFFFFFF
   34 00000000         ;_HT32FWID           EQU     0x00052220
   35 00000000         ;_HT32FWID           EQU     0x00052230
   36 00000000         ;_HT32FWID           EQU     0x00052231
   37 00000000         ;_HT32FWID           EQU     0x00052241
   38 00000000         ;_HT32FWID           EQU     0x00052331
   39 00000000         ;_HT32FWID           EQU     0x00052341
   40 00000000         ;_HT32FWID           EQU     0x00052342
   41 00000000         ;_HT32FWID           EQU     0x00052352
   42 00000000         ;_HT32FWID           EQU     0x00052243
   43 00000000         ;_HT32FWID           EQU     0x00052253
   44 00000000         
   45 00000000 00000001 
                       HT32F52220_30



ARM Macro Assembler    Page 2 


                               EQU              1
   46 00000000 00000002 
                       HT32F52231_41
                               EQU              2
   47 00000000 00000003 
                       HT32F52331_41
                               EQU              3
   48 00000000 00000004 
                       HT32F52342_52
                               EQU              4
   49 00000000 00000005 
                       HT32F52243_53
                               EQU              5
   50 00000000         
   51 00000000                 IF               USE_HT32_CHIP_SET=0
   53 00000000 00000002 
                       USE_HT32_CHIP
                               EQU              USE_HT32_CHIP_SET
   54 00000000                 ENDIF
   55 00000000         
   56 00000000         ; Amount of memory (in bytes) allocated for Stack and He
                       ap
   57 00000000         ; Tailor those values to your application needs
   58 00000000         ;//   <o> Stack Size (in Bytes, must 8 byte aligned) <0-
                       16384:8>
   59 00000000 00000200 
                       Stack_Size
                               EQU              512
   60 00000000         
   61 00000000                 AREA             STACK, NOINIT, READWRITE, ALIGN
 = 3
   62 00000000         Stack_Mem
                               SPACE            Stack_Size
   63 00000200         __initial_sp
   64 00000200         
   65 00000200         ;//   <o>  Heap Size (in Bytes) <0-16384:8>
   66 00000200 00000000 
                       Heap_Size
                               EQU              0
   67 00000200         
   68 00000200                 AREA             HEAP, NOINIT, READWRITE, ALIGN 
= 3
   69 00000000         __heap_base
   70 00000000         Heap_Mem
                               SPACE            Heap_Size
   71 00000000         __heap_limit
   72 00000000         
   73 00000000                 PRESERVE8
   74 00000000                 THUMB
   75 00000000         
   76 00000000         ;*******************************************************
                       ************************
   77 00000000         ; Fill-up the Vector Table entries with the exceptions I
                       SR address
   78 00000000         ;*******************************************************
                       ************************
   79 00000000                 AREA             RESET, CODE, READONLY
   80 00000000                 EXPORT           __Vectors
   81 00000000 FFFFFFFF 



ARM Macro Assembler    Page 3 


                       _RESERVED
                               EQU              0xFFFFFFFF
   82 00000000         __Vectors
   83 00000000 00000000        DCD              __initial_sp ; ---, 00, 0x000, 
                                                            Top address of Stac
                                                            k
   84 00000004 00000000        DCD              Reset_Handler ; ---, 01, 0x004,
                                                             Reset Handler
   85 00000008 00000000        DCD              NMI_Handler ; -14, 02, 0x008, N
                                                            MI Handler
   86 0000000C 00000000        DCD              HardFault_Handler ; -13, 03, 0x
                                                            00C, Hard Fault Han
                                                            dler
   87 00000010 FFFFFFFF        DCD              _RESERVED   ; ---, 04, 0x010, R
                                                            eserved
   88 00000014 FFFFFFFF        DCD              _RESERVED   ; ---, 05, 0x014, R
                                                            eserved
   89 00000018 FFFFFFFF        DCD              _RESERVED   ; ---, 06, 0x018, R
                                                            eserved
   90 0000001C FFFFFFFF        DCD              _RESERVED   ; ---, 07, 0x01C, R
                                                            eserved
   91 00000020 FFFFFFFF        DCD              _HT32FWID   ; ---, 08, 0x020, R
                                                            eserved
   92 00000024 FFFFFFFF        DCD              _RESERVED   ; ---, 09, 0x024, R
                                                            eserved
   93 00000028 FFFFFFFF        DCD              _RESERVED   ; ---, 10, 0x028, R
                                                            eserved
   94 0000002C 00000000        DCD              SVC_Handler ; -05, 11, 0x02C, S
                                                            VC Handler
   95 00000030 FFFFFFFF        DCD              _RESERVED   ; ---, 12, 0x030, R
                                                            eserved
   96 00000034 FFFFFFFF        DCD              _RESERVED   ; ---, 13, 0x034, R
                                                            eserved
   97 00000038 00000000        DCD              PendSV_Handler ; -02, 14, 0x038
                                                            , PendSV Handler
   98 0000003C 00000000        DCD              SysTick_Handler ; -01, 15, 0x03
                                                            C, SysTick Handler
   99 00000040         
  100 00000040         ; External Interrupt Handler
  101 00000040 00000000        DCD              LVD_BOD_IRQHandler 
                                                            ;  00, 16, 0x040,
  102 00000044                 IF               (USE_HT32_CHIP=HT32F52220_30)
  105 00000044 00000000        DCD              RTC_IRQHandler 
                                                            ;  01, 17, 0x044,
  106 00000048                 ENDIF
  107 00000048 00000000        DCD              FLASH_IRQHandler 
                                                            ;  02, 18, 0x048,
  108 0000004C 00000000        DCD              EVWUP_IRQHandler 
                                                            ;  03, 19, 0x04C,
  109 00000050 00000000        DCD              EXTI0_1_IRQHandler 
                                                            ;  04, 20, 0x050,
  110 00000054 00000000        DCD              EXTI2_3_IRQHandler 
                                                            ;  05, 21, 0x054,
  111 00000058 00000000        DCD              EXTI4_15_IRQHandler 
                                                            ;  06, 22, 0x058,
  112 0000005C                 IF               (USE_HT32_CHIP=HT32F52342_52)
  115 0000005C FFFFFFFF        DCD              _RESERVED   ;  07, 23, 0x05C,
  116 00000060                 ENDIF
  117 00000060 00000000        DCD              ADC_IRQHandler 



ARM Macro Assembler    Page 4 


                                                            ;  08, 24, 0x060,
  118 00000064                 IF               (USE_HT32_CHIP=HT32F52243_53)
  121 00000064 FFFFFFFF        DCD              _RESERVED   ;  09, 25, 0x064,
  122 00000068                 ENDIF
  123 00000068                 IF               (USE_HT32_CHIP=HT32F52220_30)
  126 00000068 00000000        DCD              MCTM0_IRQHandler 
                                                            ;  10, 26, 0x068,
  127 0000006C                 ENDIF
  128 0000006C                 IF               (USE_HT32_CHIP=HT32F52342_52)
  131 0000006C FFFFFFFF        DCD              _RESERVED   ;  11, 27, 0x06C,
  132 00000070                 ENDIF
  133 00000070 00000000        DCD              GPTM0_IRQHandler 
                                                            ;  12, 28, 0x070,
  134 00000074 00000000        DCD              SCTM0_IRQHandler 
                                                            ;  13, 29, 0x074,
  135 00000078 00000000        DCD              SCTM1_IRQHandler 
                                                            ;  14, 30, 0x078,
  136 0000007C                 IF               (USE_HT32_CHIP=HT32F52231_41)||
(USE_HT32_CHIP=HT32F52331_41)||(USE_HT32_CHIP=HT32F52243_53)
  137 0000007C 00000000        DCD              SCTM2_IRQHandler 
                                                            ;  15, 31, 0x07C,
  138 00000080 00000000        DCD              SCTM3_IRQHandler 
                                                            ;  16, 32, 0x080,
  139 00000084                 ELSE
  142                          ENDIF
  143 00000084 00000000        DCD              BFTM0_IRQHandler 
                                                            ;  17, 33, 0x084,
  144 00000088                 IF               (USE_HT32_CHIP=HT32F52220_30)
  147 00000088 00000000        DCD              BFTM1_IRQHandler 
                                                            ;  18, 34, 0x088,
  148 0000008C                 ENDIF
  149 0000008C 00000000        DCD              I2C0_IRQHandler 
                                                            ;  19, 35, 0x08C,
  150 00000090                 IF               (USE_HT32_CHIP=HT32F52220_30)
  153 00000090 00000000        DCD              I2C1_IRQHandler 
                                                            ;  20, 36, 0x090,
  154 00000094                 ENDIF
  155 00000094 00000000        DCD              SPI0_IRQHandler 
                                                            ;  21, 37, 0x094,
  156 00000098                 IF               (USE_HT32_CHIP=HT32F52220_30)
  159 00000098 00000000        DCD              SPI1_IRQHandler 
                                                            ;  22, 38, 0x098,
  160 0000009C                 ENDIF
  161 0000009C 00000000        DCD              USART0_IRQHandler 
                                                            ;  23, 39, 0x09C,
  162 000000A0                 IF               (USE_HT32_CHIP=HT32F52342_52)||
(USE_HT32_CHIP=HT32F52243_53)
  165 000000A0 FFFFFFFF        DCD              _RESERVED   ;  24, 40, 0x0A0,
  166 000000A4                 ENDIF
  167 000000A4 00000000        DCD              UART0_IRQHandler 
                                                            ;  25, 41, 0x0A4,
  168 000000A8                 IF               (USE_HT32_CHIP=HT32F52220_30)
  171 000000A8 00000000        DCD              UART1_IRQHandler 
                                                            ;  26, 42, 0x0A8,
  172 000000AC                 ENDIF
  173 000000AC                 IF               (USE_HT32_CHIP=HT32F52331_41)||
(USE_HT32_CHIP=HT32F52342_52)
  175                          ENDIF
  176 000000AC                 IF               (USE_HT32_CHIP=HT32F52243_53)



ARM Macro Assembler    Page 5 


  178                          ENDIF
  179 000000AC                 IF               (USE_HT32_CHIP=HT32F52342_52)
  181                          ENDIF
  182 000000AC                 IF               (USE_HT32_CHIP=HT32F52331_41)
  184                          ENDIF
  185 000000AC                 IF               (USE_HT32_CHIP=HT32F52243_53)
  187                          ENDIF
  188 000000AC                 IF               (USE_HT32_CHIP=HT32F52331_41)||
(USE_HT32_CHIP=HT32F52342_52)
  190                          ENDIF
  191 000000AC                 IF               (USE_HT32_CHIP=HT32F52243_53)
  193                          ENDIF
  194 000000AC                 IF               (USE_HT32_CHIP=HT32F52342_52)||
(USE_HT32_CHIP=HT32F52243_53)
  197                          ENDIF
  198 000000AC         
  199 000000AC         ; Reset handler routine
  200 000000AC         Reset_Handler
                               PROC
  201 000000AC                 EXPORT           Reset_Handler                  
 [WEAK]
  202 000000AC                 IMPORT           SystemInit
  203 000000AC                 IMPORT           __main
  204 000000AC 480A            LDR              R0, =SystemInit
  205 000000AE 4780            BLX              R0
  206 000000B0 480A            LDR              R0, =__main
  207 000000B2 4700            BX               R0
  208 000000B4                 ENDP
  209 000000B4         
  210 000000B4         ; Dummy Exception Handlers
  211 000000B4         NMI_Handler
                               PROC
  212 000000B4                 EXPORT           NMI_Handler                    
 [WEAK]
  213 000000B4 E7FE            B                .
  214 000000B6                 ENDP
  215 000000B6         
  216 000000B6         HardFault_Handler
                               PROC
  217 000000B6                 EXPORT           HardFault_Handler              
 [WEAK]
  218 000000B6 E7FE            B                .
  219 000000B8                 ENDP
  220 000000B8         
  221 000000B8         SVC_Handler
                               PROC
  222 000000B8                 EXPORT           SVC_Handler                    
 [WEAK]
  223 000000B8 E7FE            B                .
  224 000000BA                 ENDP
  225 000000BA         
  226 000000BA         PendSV_Handler
                               PROC
  227 000000BA                 EXPORT           PendSV_Handler                 
 [WEAK]
  228 000000BA E7FE            B                .
  229 000000BC                 ENDP
  230 000000BC         
  231 000000BC         SysTick_Handler



ARM Macro Assembler    Page 6 


                               PROC
  232 000000BC                 EXPORT           SysTick_Handler                
 [WEAK]
  233 000000BC E7FE            B                .
  234 000000BE                 ENDP
  235 000000BE         BFTM0_IRQHandler
                               PROC
  236 000000BE                 EXPORT           BFTM0_IRQHandler               
 [WEAK]
  237 000000BE E7FE            B                .
  238 000000C0                 ENDP
  239 000000C0         UART0_IRQHandler
                               PROC
  240 000000C0                 EXPORT           UART0_IRQHandler               
 [WEAK]
  241 000000C0 E7FE            B                .
  242 000000C2                 ENDP
  243 000000C2         EXTI4_15_IRQHandler
                               PROC
  244 000000C2                 EXPORT           EXTI4_15_IRQHandler            
 [WEAK]
  245 000000C2 E7FE            B                .
  246 000000C4                 ENDP
  247 000000C4         ADC_IRQHandler
                               PROC
  248 000000C4                 EXPORT           ADC_IRQHandler               [W
EAK]
  249 000000C4 E7FE            B                .
  250 000000C6                 ENDP
  251 000000C6         EXTI2_3_IRQHandler
                               PROC
  252 000000C6                 EXPORT           EXTI2_3_IRQHandler             
 [WEAK]
  253 000000C6 E7FE            B                .
  254 000000C8                 ENDP
  255 000000C8         SCTM1_IRQHandler
                               PROC
  256 000000C8                 EXPORT           SCTM1_IRQHandler              [
WEAK]
  257 000000C8 E7FE            B                .
  258 000000CA                 ENDP
  259 000000CA         
  260 000000CA         Default_Handler
                               PROC
  261 000000CA                 EXPORT           LVD_BOD_IRQHandler             
 [WEAK]
  262 000000CA                 EXPORT           RTC_IRQHandler                 
 [WEAK]
  263 000000CA                 EXPORT           FLASH_IRQHandler               
 [WEAK]
  264 000000CA                 EXPORT           EVWUP_IRQHandler               
 [WEAK]
  265 000000CA                 EXPORT           EXTI0_1_IRQHandler             
 [WEAK]
  266 000000CA         ;                    EXPORT  EXTI2_3_IRQHandler         
                            [WEAK]
  267 000000CA         ;                    EXPORT  EXTI4_15_IRQHandler        
                            [WEAK]
  268 000000CA                 EXPORT           COMP_IRQHandler                



ARM Macro Assembler    Page 7 


 [WEAK]
  269 000000CA         ;                    EXPORT  ADC_IRQHandler             
                            [WEAK]
  270 000000CA                 EXPORT           MCTM0_IRQHandler               
 [WEAK]
  271 000000CA                 EXPORT           GPTM1_IRQHandler               
 [WEAK]
  272 000000CA                 EXPORT           GPTM0_IRQHandler               
 [WEAK]
  273 000000CA                 EXPORT           SCTM0_IRQHandler               
 [WEAK]
  274 000000CA         ;                    EXPORT  SCTM1_IRQHandler           
                            [WEAK]
  275 000000CA                 EXPORT           SCTM2_IRQHandler               
 [WEAK]
  276 000000CA                 EXPORT           SCTM3_IRQHandler               
 [WEAK]
  277 000000CA         ;                    EXPORT  BFTM0_IRQHandler           
                            [WEAK]
  278 000000CA                 EXPORT           BFTM1_IRQHandler               
 [WEAK]
  279 000000CA                 EXPORT           I2C0_IRQHandler                
 [WEAK]
  280 000000CA                 EXPORT           I2C1_IRQHandler                
 [WEAK]
  281 000000CA                 EXPORT           SPI0_IRQHandler                
 [WEAK]
  282 000000CA                 EXPORT           SPI1_IRQHandler                
 [WEAK]
  283 000000CA                 EXPORT           USART0_IRQHandler              
 [WEAK]
  284 000000CA                 EXPORT           USART1_IRQHandler              
 [WEAK]
  285 000000CA         ;                    EXPORT  UART0_IRQHandler           
                            [WEAK]
  286 000000CA                 EXPORT           UART1_IRQHandler               
 [WEAK]
  287 000000CA                 EXPORT           UART2_IRQHandler               
 [WEAK]
  288 000000CA                 EXPORT           UART3_IRQHandler               
 [WEAK]
  289 000000CA                 EXPORT           SCI_IRQHandler                 
 [WEAK]
  290 000000CA                 EXPORT           I2S_IRQHandler                 
 [WEAK]
  291 000000CA                 EXPORT           USB_IRQHandler                 
 [WEAK]
  292 000000CA                 EXPORT           PDMA_CH0_1_IRQHandler          
 [WEAK]
  293 000000CA                 EXPORT           PDMA_CH2_5_IRQHandler          
 [WEAK]
  294 000000CA         
  295 000000CA         LVD_BOD_IRQHandler
  296 000000CA         RTC_IRQHandler
  297 000000CA         FLASH_IRQHandler
  298 000000CA         EVWUP_IRQHandler
  299 000000CA         EXTI0_1_IRQHandler
  300 000000CA         ;EXTI2_3_IRQHandler
  301 000000CA         ;EXTI4_15_IRQHandler



ARM Macro Assembler    Page 8 


  302 000000CA         COMP_IRQHandler
  303 000000CA         ;ADC_IRQHandler
  304 000000CA         MCTM0_IRQHandler
  305 000000CA         GPTM1_IRQHandler
  306 000000CA         GPTM0_IRQHandler
  307 000000CA         SCTM0_IRQHandler
  308 000000CA         ;SCTM1_IRQHandler
  309 000000CA         SCTM2_IRQHandler
  310 000000CA         SCTM3_IRQHandler
  311 000000CA         ;BFTM0_IRQHandler
  312 000000CA         BFTM1_IRQHandler
  313 000000CA         I2C0_IRQHandler
  314 000000CA         I2C1_IRQHandler
  315 000000CA         I2C2_IRQHandler
  316 000000CA         SPI0_IRQHandler
  317 000000CA         SPI1_IRQHandler
  318 000000CA         USART0_IRQHandler
  319 000000CA         USART1_IRQHandler
  320 000000CA         ;UART0_IRQHandler
  321 000000CA         UART1_IRQHandler
  322 000000CA         UART2_IRQHandler
  323 000000CA         UART3_IRQHandler
  324 000000CA         SCI_IRQHandler
  325 000000CA         I2S_IRQHandler
  326 000000CA         USB_IRQHandler
  327 000000CA         PDMA_CH0_1_IRQHandler
  328 000000CA         PDMA_CH2_5_IRQHandler
  329 000000CA E7FE            B                .
  330 000000CC                 ENDP
  331 000000CC         
  332 000000CC                 ALIGN
  333 000000CC         
  334 000000CC         ;*******************************************************
                       ************************
  335 000000CC         ; User Stack and Heap initialization
  336 000000CC         ;*******************************************************
                       ************************
  337 000000CC                 IF               :DEF:__MICROLIB
  344 000000CC         
  345 000000CC                 IMPORT           __use_two_region_memory
  346 000000CC                 EXPORT           __user_initial_stackheap
  347 000000CC         __user_initial_stackheap
  348 000000CC         
  349 000000CC 4804            LDR              R0, =  Heap_Mem
  350 000000CE 4905            LDR              R1, = (Stack_Mem + Stack_Size)
  351 000000D0 4A03            LDR              R2, = (Heap_Mem + Heap_Size)
  352 000000D2 4B05            LDR              R3, = Stack_Mem
  353 000000D4 4770            BX               LR
  354 000000D6         
  355 000000D6 00 00           ALIGN
  356 000000D8         
  357 000000D8                 ENDIF
  358 000000D8         
  359 000000D8                 END
              00000000 
              00000000 
              00000000 
              00000200 
              00000000 



ARM Macro Assembler    Page 9 


Command Line: --debug --xref --cpu=Cortex-M0+ --apcs=interwork --depend=.\OBJ\s
tartup_ht32f52231_41.d -o.\OBJ\startup_ht32f52231_41.o -IC:\Keil\ARM\RV31\INC -
IC:\Keil\ARM\CMSIS\Include -IC:\Keil\ARM\Inc\Holtek\HT32F5xxxx --list=.\startup
_ht32f52231_41.lst Lib\startup_ht32f52231_41.s



ARM Macro Assembler    Page 1 Alphabetic symbol ordering
Relocatable symbols

STACK 00000000

Symbol: STACK
   Definitions
      At line 61 in file Lib\startup_ht32f52231_41.s
   Uses
      None
Comment: STACK unused
Stack_Mem 00000000

Symbol: Stack_Mem
   Definitions
      At line 62 in file Lib\startup_ht32f52231_41.s
   Uses
      At line 350 in file Lib\startup_ht32f52231_41.s
      At line 352 in file Lib\startup_ht32f52231_41.s

__initial_sp 00000200

Symbol: __initial_sp
   Definitions
      At line 63 in file Lib\startup_ht32f52231_41.s
   Uses
      At line 83 in file Lib\startup_ht32f52231_41.s
Comment: __initial_sp used once
3 symbols



ARM Macro Assembler    Page 1 Alphabetic symbol ordering
Relocatable symbols

HEAP 00000000

Symbol: HEAP
   Definitions
      At line 68 in file Lib\startup_ht32f52231_41.s
   Uses
      None
Comment: HEAP unused
Heap_Mem 00000000

Symbol: Heap_Mem
   Definitions
      At line 70 in file Lib\startup_ht32f52231_41.s
   Uses
      At line 349 in file Lib\startup_ht32f52231_41.s
      At line 351 in file Lib\startup_ht32f52231_41.s

__heap_base 00000000

Symbol: __heap_base
   Definitions
      At line 69 in file Lib\startup_ht32f52231_41.s
   Uses
      None
Comment: __heap_base unused
__heap_limit 00000000

Symbol: __heap_limit
   Definitions
      At line 71 in file Lib\startup_ht32f52231_41.s
   Uses
      None
Comment: __heap_limit unused
4 symbols



ARM Macro Assembler    Page 1 Alphabetic symbol ordering
Relocatable symbols

ADC_IRQHandler 000000C4

Symbol: ADC_IRQHandler
   Definitions
      At line 247 in file Lib\startup_ht32f52231_41.s
   Uses
      At line 117 in file Lib\startup_ht32f52231_41.s
      At line 248 in file Lib\startup_ht32f52231_41.s

BFTM0_IRQHandler 000000BE

Symbol: BFTM0_IRQHandler
   Definitions
      At line 235 in file Lib\startup_ht32f52231_41.s
   Uses
      At line 143 in file Lib\startup_ht32f52231_41.s
      At line 236 in file Lib\startup_ht32f52231_41.s

BFTM1_IRQHandler 000000CA

Symbol: BFTM1_IRQHandler
   Definitions
      At line 312 in file Lib\startup_ht32f52231_41.s
   Uses
      At line 147 in file Lib\startup_ht32f52231_41.s
      At line 278 in file Lib\startup_ht32f52231_41.s

COMP_IRQHandler 000000CA

Symbol: COMP_IRQHandler
   Definitions
      At line 302 in file Lib\startup_ht32f52231_41.s
   Uses
      At line 268 in file Lib\startup_ht32f52231_41.s
Comment: COMP_IRQHandler used once
Default_Handler 000000CA

Symbol: Default_Handler
   Definitions
      At line 260 in file Lib\startup_ht32f52231_41.s
   Uses
      None
Comment: Default_Handler unused
EVWUP_IRQHandler 000000CA

Symbol: EVWUP_IRQHandler
   Definitions
      At line 298 in file Lib\startup_ht32f52231_41.s
   Uses
      At line 108 in file Lib\startup_ht32f52231_41.s
      At line 264 in file Lib\startup_ht32f52231_41.s

EXTI0_1_IRQHandler 000000CA

Symbol: EXTI0_1_IRQHandler
   Definitions
      At line 299 in file Lib\startup_ht32f52231_41.s
   Uses
      At line 109 in file Lib\startup_ht32f52231_41.s



ARM Macro Assembler    Page 2 Alphabetic symbol ordering
Relocatable symbols

      At line 265 in file Lib\startup_ht32f52231_41.s

EXTI2_3_IRQHandler 000000C6

Symbol: EXTI2_3_IRQHandler
   Definitions
      At line 251 in file Lib\startup_ht32f52231_41.s
   Uses
      At line 110 in file Lib\startup_ht32f52231_41.s
      At line 252 in file Lib\startup_ht32f52231_41.s

EXTI4_15_IRQHandler 000000C2

Symbol: EXTI4_15_IRQHandler
   Definitions
      At line 243 in file Lib\startup_ht32f52231_41.s
   Uses
      At line 111 in file Lib\startup_ht32f52231_41.s
      At line 244 in file Lib\startup_ht32f52231_41.s

FLASH_IRQHandler 000000CA

Symbol: FLASH_IRQHandler
   Definitions
      At line 297 in file Lib\startup_ht32f52231_41.s
   Uses
      At line 107 in file Lib\startup_ht32f52231_41.s
      At line 263 in file Lib\startup_ht32f52231_41.s

GPTM0_IRQHandler 000000CA

Symbol: GPTM0_IRQHandler
   Definitions
      At line 306 in file Lib\startup_ht32f52231_41.s
   Uses
      At line 133 in file Lib\startup_ht32f52231_41.s
      At line 272 in file Lib\startup_ht32f52231_41.s

GPTM1_IRQHandler 000000CA

Symbol: GPTM1_IRQHandler
   Definitions
      At line 305 in file Lib\startup_ht32f52231_41.s
   Uses
      At line 271 in file Lib\startup_ht32f52231_41.s
Comment: GPTM1_IRQHandler used once
HardFault_Handler 000000B6

Symbol: HardFault_Handler
   Definitions
      At line 216 in file Lib\startup_ht32f52231_41.s
   Uses
      At line 86 in file Lib\startup_ht32f52231_41.s
      At line 217 in file Lib\startup_ht32f52231_41.s

I2C0_IRQHandler 000000CA

Symbol: I2C0_IRQHandler
   Definitions



ARM Macro Assembler    Page 3 Alphabetic symbol ordering
Relocatable symbols

      At line 313 in file Lib\startup_ht32f52231_41.s
   Uses
      At line 149 in file Lib\startup_ht32f52231_41.s
      At line 279 in file Lib\startup_ht32f52231_41.s

I2C1_IRQHandler 000000CA

Symbol: I2C1_IRQHandler
   Definitions
      At line 314 in file Lib\startup_ht32f52231_41.s
   Uses
      At line 153 in file Lib\startup_ht32f52231_41.s
      At line 280 in file Lib\startup_ht32f52231_41.s

I2C2_IRQHandler 000000CA

Symbol: I2C2_IRQHandler
   Definitions
      At line 315 in file Lib\startup_ht32f52231_41.s
   Uses
      None
Comment: I2C2_IRQHandler unused
I2S_IRQHandler 000000CA

Symbol: I2S_IRQHandler
   Definitions
      At line 325 in file Lib\startup_ht32f52231_41.s
   Uses
      At line 290 in file Lib\startup_ht32f52231_41.s
Comment: I2S_IRQHandler used once
LVD_BOD_IRQHandler 000000CA

Symbol: LVD_BOD_IRQHandler
   Definitions
      At line 295 in file Lib\startup_ht32f52231_41.s
   Uses
      At line 101 in file Lib\startup_ht32f52231_41.s
      At line 261 in file Lib\startup_ht32f52231_41.s

MCTM0_IRQHandler 000000CA

Symbol: MCTM0_IRQHandler
   Definitions
      At line 304 in file Lib\startup_ht32f52231_41.s
   Uses
      At line 126 in file Lib\startup_ht32f52231_41.s
      At line 270 in file Lib\startup_ht32f52231_41.s

NMI_Handler 000000B4

Symbol: NMI_Handler
   Definitions
      At line 211 in file Lib\startup_ht32f52231_41.s
   Uses
      At line 85 in file Lib\startup_ht32f52231_41.s
      At line 212 in file Lib\startup_ht32f52231_41.s

PDMA_CH0_1_IRQHandler 000000CA




ARM Macro Assembler    Page 4 Alphabetic symbol ordering
Relocatable symbols

Symbol: PDMA_CH0_1_IRQHandler
   Definitions
      At line 327 in file Lib\startup_ht32f52231_41.s
   Uses
      At line 292 in file Lib\startup_ht32f52231_41.s
Comment: PDMA_CH0_1_IRQHandler used once
PDMA_CH2_5_IRQHandler 000000CA

Symbol: PDMA_CH2_5_IRQHandler
   Definitions
      At line 328 in file Lib\startup_ht32f52231_41.s
   Uses
      At line 293 in file Lib\startup_ht32f52231_41.s
Comment: PDMA_CH2_5_IRQHandler used once
PendSV_Handler 000000BA

Symbol: PendSV_Handler
   Definitions
      At line 226 in file Lib\startup_ht32f52231_41.s
   Uses
      At line 97 in file Lib\startup_ht32f52231_41.s
      At line 227 in file Lib\startup_ht32f52231_41.s

RESET 00000000

Symbol: RESET
   Definitions
      At line 79 in file Lib\startup_ht32f52231_41.s
   Uses
      None
Comment: RESET unused
RTC_IRQHandler 000000CA

Symbol: RTC_IRQHandler
   Definitions
      At line 296 in file Lib\startup_ht32f52231_41.s
   Uses
      At line 105 in file Lib\startup_ht32f52231_41.s
      At line 262 in file Lib\startup_ht32f52231_41.s

Reset_Handler 000000AC

Symbol: Reset_Handler
   Definitions
      At line 200 in file Lib\startup_ht32f52231_41.s
   Uses
      At line 84 in file Lib\startup_ht32f52231_41.s
      At line 201 in file Lib\startup_ht32f52231_41.s

SCI_IRQHandler 000000CA

Symbol: SCI_IRQHandler
   Definitions
      At line 324 in file Lib\startup_ht32f52231_41.s
   Uses
      At line 289 in file Lib\startup_ht32f52231_41.s
Comment: SCI_IRQHandler used once
SCTM0_IRQHandler 000000CA




ARM Macro Assembler    Page 5 Alphabetic symbol ordering
Relocatable symbols

Symbol: SCTM0_IRQHandler
   Definitions
      At line 307 in file Lib\startup_ht32f52231_41.s
   Uses
      At line 134 in file Lib\startup_ht32f52231_41.s
      At line 273 in file Lib\startup_ht32f52231_41.s

SCTM1_IRQHandler 000000C8

Symbol: SCTM1_IRQHandler
   Definitions
      At line 255 in file Lib\startup_ht32f52231_41.s
   Uses
      At line 135 in file Lib\startup_ht32f52231_41.s
      At line 256 in file Lib\startup_ht32f52231_41.s

SCTM2_IRQHandler 000000CA

Symbol: SCTM2_IRQHandler
   Definitions
      At line 309 in file Lib\startup_ht32f52231_41.s
   Uses
      At line 137 in file Lib\startup_ht32f52231_41.s
      At line 275 in file Lib\startup_ht32f52231_41.s

SCTM3_IRQHandler 000000CA

Symbol: SCTM3_IRQHandler
   Definitions
      At line 310 in file Lib\startup_ht32f52231_41.s
   Uses
      At line 138 in file Lib\startup_ht32f52231_41.s
      At line 276 in file Lib\startup_ht32f52231_41.s

SPI0_IRQHandler 000000CA

Symbol: SPI0_IRQHandler
   Definitions
      At line 316 in file Lib\startup_ht32f52231_41.s
   Uses
      At line 155 in file Lib\startup_ht32f52231_41.s
      At line 281 in file Lib\startup_ht32f52231_41.s

SPI1_IRQHandler 000000CA

Symbol: SPI1_IRQHandler
   Definitions
      At line 317 in file Lib\startup_ht32f52231_41.s
   Uses
      At line 159 in file Lib\startup_ht32f52231_41.s
      At line 282 in file Lib\startup_ht32f52231_41.s

SVC_Handler 000000B8

Symbol: SVC_Handler
   Definitions
      At line 221 in file Lib\startup_ht32f52231_41.s
   Uses
      At line 94 in file Lib\startup_ht32f52231_41.s



ARM Macro Assembler    Page 6 Alphabetic symbol ordering
Relocatable symbols

      At line 222 in file Lib\startup_ht32f52231_41.s

SysTick_Handler 000000BC

Symbol: SysTick_Handler
   Definitions
      At line 231 in file Lib\startup_ht32f52231_41.s
   Uses
      At line 98 in file Lib\startup_ht32f52231_41.s
      At line 232 in file Lib\startup_ht32f52231_41.s

UART0_IRQHandler 000000C0

Symbol: UART0_IRQHandler
   Definitions
      At line 239 in file Lib\startup_ht32f52231_41.s
   Uses
      At line 167 in file Lib\startup_ht32f52231_41.s
      At line 240 in file Lib\startup_ht32f52231_41.s

UART1_IRQHandler 000000CA

Symbol: UART1_IRQHandler
   Definitions
      At line 321 in file Lib\startup_ht32f52231_41.s
   Uses
      At line 171 in file Lib\startup_ht32f52231_41.s
      At line 286 in file Lib\startup_ht32f52231_41.s

UART2_IRQHandler 000000CA

Symbol: UART2_IRQHandler
   Definitions
      At line 322 in file Lib\startup_ht32f52231_41.s
   Uses
      At line 287 in file Lib\startup_ht32f52231_41.s
Comment: UART2_IRQHandler used once
UART3_IRQHandler 000000CA

Symbol: UART3_IRQHandler
   Definitions
      At line 323 in file Lib\startup_ht32f52231_41.s
   Uses
      At line 288 in file Lib\startup_ht32f52231_41.s
Comment: UART3_IRQHandler used once
USART0_IRQHandler 000000CA

Symbol: USART0_IRQHandler
   Definitions
      At line 318 in file Lib\startup_ht32f52231_41.s
   Uses
      At line 161 in file Lib\startup_ht32f52231_41.s
      At line 283 in file Lib\startup_ht32f52231_41.s

USART1_IRQHandler 000000CA

Symbol: USART1_IRQHandler
   Definitions
      At line 319 in file Lib\startup_ht32f52231_41.s



ARM Macro Assembler    Page 7 Alphabetic symbol ordering
Relocatable symbols

   Uses
      At line 284 in file Lib\startup_ht32f52231_41.s
Comment: USART1_IRQHandler used once
USB_IRQHandler 000000CA

Symbol: USB_IRQHandler
   Definitions
      At line 326 in file Lib\startup_ht32f52231_41.s
   Uses
      At line 291 in file Lib\startup_ht32f52231_41.s
Comment: USB_IRQHandler used once
__Vectors 00000000

Symbol: __Vectors
   Definitions
      At line 82 in file Lib\startup_ht32f52231_41.s
   Uses
      At line 80 in file Lib\startup_ht32f52231_41.s
Comment: __Vectors used once
__user_initial_stackheap 000000CC

Symbol: __user_initial_stackheap
   Definitions
      At line 347 in file Lib\startup_ht32f52231_41.s
   Uses
      At line 346 in file Lib\startup_ht32f52231_41.s
Comment: __user_initial_stackheap used once
44 symbols



ARM Macro Assembler    Page 1 Alphabetic symbol ordering
Absolute symbols

HT32F52220_30 00000001

Symbol: HT32F52220_30
   Definitions
      At line 45 in file Lib\startup_ht32f52231_41.s
   Uses
      At line 102 in file Lib\startup_ht32f52231_41.s
      At line 123 in file Lib\startup_ht32f52231_41.s
      At line 144 in file Lib\startup_ht32f52231_41.s
      At line 150 in file Lib\startup_ht32f52231_41.s
      At line 156 in file Lib\startup_ht32f52231_41.s
      At line 168 in file Lib\startup_ht32f52231_41.s

HT32F52231_41 00000002

Symbol: HT32F52231_41
   Definitions
      At line 46 in file Lib\startup_ht32f52231_41.s
   Uses
      At line 136 in file Lib\startup_ht32f52231_41.s
Comment: HT32F52231_41 used once
HT32F52243_53 00000005

Symbol: HT32F52243_53
   Definitions
      At line 49 in file Lib\startup_ht32f52231_41.s
   Uses
      At line 118 in file Lib\startup_ht32f52231_41.s
      At line 136 in file Lib\startup_ht32f52231_41.s
      At line 162 in file Lib\startup_ht32f52231_41.s
      At line 176 in file Lib\startup_ht32f52231_41.s
      At line 185 in file Lib\startup_ht32f52231_41.s
      At line 191 in file Lib\startup_ht32f52231_41.s
      At line 194 in file Lib\startup_ht32f52231_41.s

HT32F52331_41 00000003

Symbol: HT32F52331_41
   Definitions
      At line 47 in file Lib\startup_ht32f52231_41.s
   Uses
      At line 136 in file Lib\startup_ht32f52231_41.s
      At line 173 in file Lib\startup_ht32f52231_41.s
      At line 182 in file Lib\startup_ht32f52231_41.s
      At line 188 in file Lib\startup_ht32f52231_41.s

HT32F52342_52 00000004

Symbol: HT32F52342_52
   Definitions
      At line 48 in file Lib\startup_ht32f52231_41.s
   Uses
      At line 112 in file Lib\startup_ht32f52231_41.s
      At line 128 in file Lib\startup_ht32f52231_41.s
      At line 162 in file Lib\startup_ht32f52231_41.s
      At line 173 in file Lib\startup_ht32f52231_41.s
      At line 179 in file Lib\startup_ht32f52231_41.s
      At line 188 in file Lib\startup_ht32f52231_41.s
      At line 194 in file Lib\startup_ht32f52231_41.s



ARM Macro Assembler    Page 2 Alphabetic symbol ordering
Absolute symbols


Heap_Size 00000000

Symbol: Heap_Size
   Definitions
      At line 66 in file Lib\startup_ht32f52231_41.s
   Uses
      At line 70 in file Lib\startup_ht32f52231_41.s
      At line 351 in file Lib\startup_ht32f52231_41.s

Stack_Size 00000200

Symbol: Stack_Size
   Definitions
      At line 59 in file Lib\startup_ht32f52231_41.s
   Uses
      At line 62 in file Lib\startup_ht32f52231_41.s
      At line 350 in file Lib\startup_ht32f52231_41.s

USE_HT32_CHIP 00000002

Symbol: USE_HT32_CHIP
   Definitions
      At line 53 in file Lib\startup_ht32f52231_41.s
   Uses
      At line 102 in file Lib\startup_ht32f52231_41.s
      At line 112 in file Lib\startup_ht32f52231_41.s
      At line 118 in file Lib\startup_ht32f52231_41.s
      At line 123 in file Lib\startup_ht32f52231_41.s
      At line 128 in file Lib\startup_ht32f52231_41.s
      At line 136 in file Lib\startup_ht32f52231_41.s
      At line 136 in file Lib\startup_ht32f52231_41.s
      At line 136 in file Lib\startup_ht32f52231_41.s
      At line 144 in file Lib\startup_ht32f52231_41.s
      At line 150 in file Lib\startup_ht32f52231_41.s
      At line 156 in file Lib\startup_ht32f52231_41.s
      At line 162 in file Lib\startup_ht32f52231_41.s
      At line 162 in file Lib\startup_ht32f52231_41.s
      At line 168 in file Lib\startup_ht32f52231_41.s
      At line 173 in file Lib\startup_ht32f52231_41.s
      At line 173 in file Lib\startup_ht32f52231_41.s
      At line 176 in file Lib\startup_ht32f52231_41.s
      At line 179 in file Lib\startup_ht32f52231_41.s
      At line 182 in file Lib\startup_ht32f52231_41.s
      At line 185 in file Lib\startup_ht32f52231_41.s
      At line 188 in file Lib\startup_ht32f52231_41.s
      At line 188 in file Lib\startup_ht32f52231_41.s
      At line 191 in file Lib\startup_ht32f52231_41.s
      At line 194 in file Lib\startup_ht32f52231_41.s
      At line 194 in file Lib\startup_ht32f52231_41.s

USE_HT32_CHIP_SET 00000002

Symbol: USE_HT32_CHIP_SET
   Definitions
      At line 31 in file Lib\startup_ht32f52231_41.s
   Uses
      At line 51 in file Lib\startup_ht32f52231_41.s
      At line 53 in file Lib\startup_ht32f52231_41.s



ARM Macro Assembler    Page 3 Alphabetic symbol ordering
Absolute symbols


_HT32FWID FFFFFFFF

Symbol: _HT32FWID
   Definitions
      At line 33 in file Lib\startup_ht32f52231_41.s
   Uses
      At line 91 in file Lib\startup_ht32f52231_41.s
Comment: _HT32FWID used once
_RESERVED FFFFFFFF

Symbol: _RESERVED
   Definitions
      At line 81 in file Lib\startup_ht32f52231_41.s
   Uses
      At line 87 in file Lib\startup_ht32f52231_41.s
      At line 88 in file Lib\startup_ht32f52231_41.s
      At line 89 in file Lib\startup_ht32f52231_41.s
      At line 90 in file Lib\startup_ht32f52231_41.s
      At line 92 in file Lib\startup_ht32f52231_41.s
      At line 93 in file Lib\startup_ht32f52231_41.s
      At line 95 in file Lib\startup_ht32f52231_41.s
      At line 96 in file Lib\startup_ht32f52231_41.s
      At line 115 in file Lib\startup_ht32f52231_41.s
      At line 121 in file Lib\startup_ht32f52231_41.s
      At line 131 in file Lib\startup_ht32f52231_41.s
      At line 165 in file Lib\startup_ht32f52231_41.s

11 symbols



ARM Macro Assembler    Page 1 Alphabetic symbol ordering
External symbols

SystemInit 00000000

Symbol: SystemInit
   Definitions
      At line 202 in file Lib\startup_ht32f52231_41.s
   Uses
      At line 204 in file Lib\startup_ht32f52231_41.s
Comment: SystemInit used once
__main 00000000

Symbol: __main
   Definitions
      At line 203 in file Lib\startup_ht32f52231_41.s
   Uses
      At line 206 in file Lib\startup_ht32f52231_41.s
Comment: __main used once
__use_two_region_memory 00000000

Symbol: __use_two_region_memory
   Definitions
      At line 345 in file Lib\startup_ht32f52231_41.s
   Uses
      None
Comment: __use_two_region_memory unused
3 symbols
399 symbols in table
